-- Found ament_cmake: 1.3.8 (/opt/ros/humble/share/ament_cmake/cmake)
-- Found rclcpp: 16.0.8 (/opt/ros/humble/share/rclcpp/cmake)
-- Found rosidl_generator_c: 3.1.5 (/opt/ros/humble/share/rosidl_generator_c/cmake)
-- Found rosidl_adapter: 3.1.5 (/opt/ros/humble/share/rosidl_adapter/cmake)
-- Found rosidl_generator_cpp: 3.1.5 (/opt/ros/humble/share/rosidl_generator_cpp/cmake)
-- Using all available rosidl_typesupport_c: rosidl_typesupport_fastrtps_c;rosidl_typesupport_introspection_c
-- Using all available rosidl_typesupport_cpp: rosidl_typesupport_fastrtps_cpp;rosidl_typesupport_introspection_cpp
-- Found rmw_implementation_cmake: 6.1.1 (/opt/ros/humble/share/rmw_implementation_cmake/cmake)
-- Found rmw_fastrtps_cpp: 6.2.6 (/opt/ros/humble/share/rmw_fastrtps_cpp/cmake)
-- Using RMW implementation 'rmw_fastrtps_cpp' as default
-- Found nav_msgs: 4.2.3 (/opt/ros/humble/share/nav_msgs/cmake)
-- Found sensor_msgs: 4.2.3 (/opt/ros/humble/share/sensor_msgs/cmake)
-- Configuring done
-- Generating done
-- Build files have been written to: /home/ubuntu/dev_ws/src/Driver/src/ros2_ws/build/cyberbee_driver
[35m[1mConsolidate compiler generated dependencies of target cyberbee_driver_node[0m
[ 40%] [32mBuilding CXX object CMakeFiles/cyberbee_driver_node.dir/src/data_receiver_ros.cpp.o[0m
[ 40%] [32mBuilding CXX object CMakeFiles/cyberbee_driver_node.dir/src/driver_main.cpp.o[0m
[ 60%] [32mBuilding CXX object CMakeFiles/cyberbee_driver_node.dir/src/serial_comm.cpp.o[0m
[ 80%] [32mBuilding CXX object CMakeFiles/cyberbee_driver_node.dir/src/data_sender.cpp.o[0m
[100%] [32m[1mLinking CXX executable cyberbee_driver_node[0m
[100%] Built target cyberbee_driver_node
-- Install configuration: ""
-- Installing: /home/ubuntu/dev_ws/src/Driver/src/ros2_ws/install/cyberbee_driver/lib/cyberbee_driver/cyberbee_driver_node
-- Set runtime path of "/home/ubuntu/dev_ws/src/Driver/src/ros2_ws/install/cyberbee_driver/lib/cyberbee_driver/cyberbee_driver_node" to ""
-- Installing: /home/ubuntu/dev_ws/src/Driver/src/ros2_ws/install/cyberbee_driver/share/ament_index/resource_index/package_run_dependencies/cyberbee_driver
-- Installing: /home/ubuntu/dev_ws/src/Driver/src/ros2_ws/install/cyberbee_driver/share/ament_index/resource_index/parent_prefix_path/cyberbee_driver
-- Up-to-date: /home/ubuntu/dev_ws/src/Driver/src/ros2_ws/install/cyberbee_driver/share/cyberbee_driver/environment/ament_prefix_path.sh
-- Installing: /home/ubuntu/dev_ws/src/Driver/src/ros2_ws/install/cyberbee_driver/share/cyberbee_driver/environment/ament_prefix_path.dsv
-- Up-to-date: /home/ubuntu/dev_ws/src/Driver/src/ros2_ws/install/cyberbee_driver/share/cyberbee_driver/environment/path.sh
-- Installing: /home/ubuntu/dev_ws/src/Driver/src/ros2_ws/install/cyberbee_driver/share/cyberbee_driver/environment/path.dsv
-- Up-to-date: /home/ubuntu/dev_ws/src/Driver/src/ros2_ws/install/cyberbee_driver/share/cyberbee_driver/local_setup.bash
-- Up-to-date: /home/ubuntu/dev_ws/src/Driver/src/ros2_ws/install/cyberbee_driver/share/cyberbee_driver/local_setup.sh
-- Up-to-date: /home/ubuntu/dev_ws/src/Driver/src/ros2_ws/install/cyberbee_driver/share/cyberbee_driver/local_setup.zsh
-- Installing: /home/ubuntu/dev_ws/src/Driver/src/ros2_ws/install/cyberbee_driver/share/cyberbee_driver/local_setup.dsv
-- Installing: /home/ubuntu/dev_ws/src/Driver/src/ros2_ws/install/cyberbee_driver/share/cyberbee_driver/package.dsv
-- Up-to-date: /home/ubuntu/dev_ws/src/Driver/src/ros2_ws/install/cyberbee_driver/share/ament_index/resource_index/packages/cyberbee_driver
-- Up-to-date: /home/ubuntu/dev_ws/src/Driver/src/ros2_ws/install/cyberbee_driver/share/cyberbee_driver/cmake/cyberbee_driverConfig.cmake
-- Up-to-date: /home/ubuntu/dev_ws/src/Driver/src/ros2_ws/install/cyberbee_driver/share/cyberbee_driver/cmake/cyberbee_driverConfig-version.cmake
-- Installing: /home/ubuntu/dev_ws/src/Driver/src/ros2_ws/install/cyberbee_driver/share/cyberbee_driver/package.xml
