[35m[1mConsolidate compiler generated dependencies of target cyberbee_driver_node[0m
[ 20%] [32mBuilding CXX object CMakeFiles/cyberbee_driver_node.dir/src/driver_main.cpp.o[0m
[ 40%] [32mBuilding CXX object CMakeFiles/cyberbee_driver_node.dir/src/data_receiver_ros.cpp.o[0m
[ 60%] [32m[1mLinking CXX executable cyberbee_driver_node[0m
[100%] Built target cyberbee_driver_node
-- Install configuration: ""
-- Installing: /home/ubuntu/dev_ws/src/Driver/src/ros2_ws/install/cyberbee_driver/lib/cyberbee_driver/cyberbee_driver_node
-- Set runtime path of "/home/ubuntu/dev_ws/src/Driver/src/ros2_ws/install/cyberbee_driver/lib/cyberbee_driver/cyberbee_driver_node" to ""
-- Up-to-date: /home/ubuntu/dev_ws/src/Driver/src/ros2_ws/install/cyberbee_driver/share/ament_index/resource_index/package_run_dependencies/cyberbee_driver
-- Up-to-date: /home/ubuntu/dev_ws/src/Driver/src/ros2_ws/install/cyberbee_driver/share/ament_index/resource_index/parent_prefix_path/cyberbee_driver
-- Up-to-date: /home/ubuntu/dev_ws/src/Driver/src/ros2_ws/install/cyberbee_driver/share/cyberbee_driver/environment/ament_prefix_path.sh
-- Up-to-date: /home/ubuntu/dev_ws/src/Driver/src/ros2_ws/install/cyberbee_driver/share/cyberbee_driver/environment/ament_prefix_path.dsv
-- Up-to-date: /home/ubuntu/dev_ws/src/Driver/src/ros2_ws/install/cyberbee_driver/share/cyberbee_driver/environment/path.sh
-- Up-to-date: /home/ubuntu/dev_ws/src/Driver/src/ros2_ws/install/cyberbee_driver/share/cyberbee_driver/environment/path.dsv
-- Up-to-date: /home/ubuntu/dev_ws/src/Driver/src/ros2_ws/install/cyberbee_driver/share/cyberbee_driver/local_setup.bash
-- Up-to-date: /home/ubuntu/dev_ws/src/Driver/src/ros2_ws/install/cyberbee_driver/share/cyberbee_driver/local_setup.sh
-- Up-to-date: /home/ubuntu/dev_ws/src/Driver/src/ros2_ws/install/cyberbee_driver/share/cyberbee_driver/local_setup.zsh
-- Up-to-date: /home/ubuntu/dev_ws/src/Driver/src/ros2_ws/install/cyberbee_driver/share/cyberbee_driver/local_setup.dsv
-- Installing: /home/ubuntu/dev_ws/src/Driver/src/ros2_ws/install/cyberbee_driver/share/cyberbee_driver/package.dsv
-- Up-to-date: /home/ubuntu/dev_ws/src/Driver/src/ros2_ws/install/cyberbee_driver/share/ament_index/resource_index/packages/cyberbee_driver
-- Up-to-date: /home/ubuntu/dev_ws/src/Driver/src/ros2_ws/install/cyberbee_driver/share/cyberbee_driver/cmake/cyberbee_driverConfig.cmake
-- Up-to-date: /home/ubuntu/dev_ws/src/Driver/src/ros2_ws/install/cyberbee_driver/share/cyberbee_driver/cmake/cyberbee_driverConfig-version.cmake
-- Up-to-date: /home/ubuntu/dev_ws/src/Driver/src/ros2_ws/install/cyberbee_driver/share/cyberbee_driver/package.xml
