[0.008s] Invoking command in '/home/ubuntu/dev_ws/src/Driver/src/ros2_ws/build/cyberbee_driver': CMAKE_PREFIX_PATH=${CMAKE_PREFIX_PATH}:/home/ubuntu/ros2_ws/install/driver_dps310:/opt/ros/humble /usr/bin/cmake --build /home/ubuntu/dev_ws/src/Driver/src/ros2_ws/build/cyberbee_driver -- -j8 -l8
[0.047s] [35m[1mConsolidate compiler generated dependencies of target cyberbee_driver_node[0m
[0.073s] [ 20%] [32mBuilding CXX object CMakeFiles/cyberbee_driver_node.dir/src/driver_main.cpp.o[0m
[0.073s] [ 40%] [32mBuilding CXX object CMakeFiles/cyberbee_driver_node.dir/src/data_receiver_ros.cpp.o[0m
[2.275s] [01m[K/home/ubuntu/dev_ws/src/Driver/src/ros2_ws/src/cyberbee_driver/src/driver_main.cpp:[m[K In function ‘[01m[Kint main()[m[K’:
[2.275s] [01m[K/home/ubuntu/dev_ws/src/Driver/src/ros2_ws/src/cyberbee_driver/src/driver_main.cpp:75:10:[m[K [01;35m[Kwarning: [m[Kunused variable ‘[01m[Kcommand_input[m[K’ [[01;35m[K]8;;https://gcc.gnu.org/onlinedocs/gcc/Warning-Options.html#index-Wunused-variable-Wunused-variable]8;;[m[K]
[2.275s]    75 |     char [01;35m[Kcommand_input[m[K;
[2.275s]       |          [01;35m[K^~~~~~~~~~~~~[m[K
[4.354s] [ 60%] [32m[1mLinking CXX executable cyberbee_driver_node[0m
[4.547s] [100%] Built target cyberbee_driver_node
[4.556s] Invoked command in '/home/ubuntu/dev_ws/src/Driver/src/ros2_ws/build/cyberbee_driver' returned '0': CMAKE_PREFIX_PATH=${CMAKE_PREFIX_PATH}:/home/ubuntu/ros2_ws/install/driver_dps310:/opt/ros/humble /usr/bin/cmake --build /home/ubuntu/dev_ws/src/Driver/src/ros2_ws/build/cyberbee_driver -- -j8 -l8
[4.585s] Invoking command in '/home/ubuntu/dev_ws/src/Driver/src/ros2_ws/build/cyberbee_driver': CMAKE_PREFIX_PATH=${CMAKE_PREFIX_PATH}:/home/ubuntu/ros2_ws/install/driver_dps310:/opt/ros/humble /usr/bin/cmake --install /home/ubuntu/dev_ws/src/Driver/src/ros2_ws/build/cyberbee_driver
[4.590s] -- Install configuration: ""
[4.590s] -- Installing: /home/ubuntu/dev_ws/src/Driver/src/ros2_ws/install/cyberbee_driver/lib/cyberbee_driver/cyberbee_driver_node
[4.592s] -- Set runtime path of "/home/ubuntu/dev_ws/src/Driver/src/ros2_ws/install/cyberbee_driver/lib/cyberbee_driver/cyberbee_driver_node" to ""
[4.592s] -- Up-to-date: /home/ubuntu/dev_ws/src/Driver/src/ros2_ws/install/cyberbee_driver/share/ament_index/resource_index/package_run_dependencies/cyberbee_driver
[4.592s] -- Up-to-date: /home/ubuntu/dev_ws/src/Driver/src/ros2_ws/install/cyberbee_driver/share/ament_index/resource_index/parent_prefix_path/cyberbee_driver
[4.592s] -- Up-to-date: /home/ubuntu/dev_ws/src/Driver/src/ros2_ws/install/cyberbee_driver/share/cyberbee_driver/environment/ament_prefix_path.sh
[4.592s] -- Up-to-date: /home/ubuntu/dev_ws/src/Driver/src/ros2_ws/install/cyberbee_driver/share/cyberbee_driver/environment/ament_prefix_path.dsv
[4.592s] -- Up-to-date: /home/ubuntu/dev_ws/src/Driver/src/ros2_ws/install/cyberbee_driver/share/cyberbee_driver/environment/path.sh
[4.592s] -- Up-to-date: /home/ubuntu/dev_ws/src/Driver/src/ros2_ws/install/cyberbee_driver/share/cyberbee_driver/environment/path.dsv
[4.592s] -- Up-to-date: /home/ubuntu/dev_ws/src/Driver/src/ros2_ws/install/cyberbee_driver/share/cyberbee_driver/local_setup.bash
[4.592s] -- Up-to-date: /home/ubuntu/dev_ws/src/Driver/src/ros2_ws/install/cyberbee_driver/share/cyberbee_driver/local_setup.sh
[4.592s] -- Up-to-date: /home/ubuntu/dev_ws/src/Driver/src/ros2_ws/install/cyberbee_driver/share/cyberbee_driver/local_setup.zsh
[4.592s] -- Up-to-date: /home/ubuntu/dev_ws/src/Driver/src/ros2_ws/install/cyberbee_driver/share/cyberbee_driver/local_setup.dsv
[4.592s] -- Installing: /home/ubuntu/dev_ws/src/Driver/src/ros2_ws/install/cyberbee_driver/share/cyberbee_driver/package.dsv
[4.592s] -- Up-to-date: /home/ubuntu/dev_ws/src/Driver/src/ros2_ws/install/cyberbee_driver/share/ament_index/resource_index/packages/cyberbee_driver
[4.593s] -- Up-to-date: /home/ubuntu/dev_ws/src/Driver/src/ros2_ws/install/cyberbee_driver/share/cyberbee_driver/cmake/cyberbee_driverConfig.cmake
[4.593s] -- Up-to-date: /home/ubuntu/dev_ws/src/Driver/src/ros2_ws/install/cyberbee_driver/share/cyberbee_driver/cmake/cyberbee_driverConfig-version.cmake
[4.593s] -- Up-to-date: /home/ubuntu/dev_ws/src/Driver/src/ros2_ws/install/cyberbee_driver/share/cyberbee_driver/package.xml
[4.593s] Invoked command in '/home/ubuntu/dev_ws/src/Driver/src/ros2_ws/build/cyberbee_driver' returned '0': CMAKE_PREFIX_PATH=${CMAKE_PREFIX_PATH}:/home/ubuntu/ros2_ws/install/driver_dps310:/opt/ros/humble /usr/bin/cmake --install /home/ubuntu/dev_ws/src/Driver/src/ros2_ws/build/cyberbee_driver
