[0.074s] DEBUG:colcon:Command line arguments: ['/usr/bin/colcon', 'build']
[0.074s] DEBUG:colcon:Parsed command line arguments: Namespace(log_base=None, log_level=None, verb_name='build', build_base='build', install_base='install', merge_install=False, symlink_install=False, test_result_base=None, continue_on_error=False, executor='parallel', parallel_workers=8, event_handlers=None, ignore_user_meta=False, metas=['./colcon.meta'], base_paths=['.'], packages_ignore=None, packages_ignore_regex=None, paths=None, packages_up_to=None, packages_up_to_regex=None, packages_above=None, packages_above_and_dependencies=None, packages_above_depth=None, packages_select_by_dep=None, packages_skip_by_dep=None, packages_skip_up_to=None, packages_select_build_failed=False, packages_skip_build_finished=False, packages_select_test_failures=False, packages_skip_test_passed=False, packages_select=None, packages_skip=None, packages_select_regex=None, packages_skip_regex=None, packages_start=None, packages_end=None, allow_overriding=[], cmake_args=None, cmake_target=None, cmake_target_skip_unavailable=False, cmake_clean_cache=False, cmake_clean_first=False, cmake_force_configure=False, ament_cmake_args=None, catkin_cmake_args=None, catkin_skip_building_tests=False, verb_parser=<colcon_defaults.argument_parser.defaults.DefaultArgumentsDecorator object at 0x766e7c4ec9d0>, verb_extension=<colcon_core.verb.build.BuildVerb object at 0x766e7c6a6290>, main=<bound method BuildVerb.main of <colcon_core.verb.build.BuildVerb object at 0x766e7c6a6290>>)
[0.174s] Level 1:colcon.colcon_core.package_discovery:discover_packages(colcon_meta) check parameters
[0.174s] Level 1:colcon.colcon_core.package_discovery:discover_packages(recursive) check parameters
[0.174s] Level 1:colcon.colcon_core.package_discovery:discover_packages(ignore) check parameters
[0.174s] Level 1:colcon.colcon_core.package_discovery:discover_packages(path) check parameters
[0.174s] Level 1:colcon.colcon_core.package_discovery:discover_packages(colcon_meta) discover
[0.174s] Level 1:colcon.colcon_core.package_discovery:discover_packages(recursive) discover
[0.175s] INFO:colcon.colcon_core.package_discovery:Crawling recursively for packages in '/home/ubuntu/dev_ws/src/Driver/src/ros2_ws'
[0.175s] Level 1:colcon.colcon_core.package_identification:_identify(.) by extensions ['ignore', 'ignore_ament_install']
[0.175s] Level 1:colcon.colcon_core.package_identification:_identify(.) by extension 'ignore'
[0.175s] Level 1:colcon.colcon_core.package_identification:_identify(.) by extension 'ignore_ament_install'
[0.175s] Level 1:colcon.colcon_core.package_identification:_identify(.) by extensions ['colcon_pkg']
[0.175s] Level 1:colcon.colcon_core.package_identification:_identify(.) by extension 'colcon_pkg'
[0.175s] Level 1:colcon.colcon_core.package_identification:_identify(.) by extensions ['colcon_meta']
[0.175s] Level 1:colcon.colcon_core.package_identification:_identify(.) by extension 'colcon_meta'
[0.175s] Level 1:colcon.colcon_core.package_identification:_identify(.) by extensions ['ros']
[0.175s] Level 1:colcon.colcon_core.package_identification:_identify(.) by extension 'ros'
[0.182s] Level 1:colcon.colcon_core.package_identification:_identify(.) by extensions ['cmake', 'python']
[0.182s] Level 1:colcon.colcon_core.package_identification:_identify(.) by extension 'cmake'
[0.182s] Level 1:colcon.colcon_core.package_identification:_identify(.) by extension 'python'
[0.182s] Level 1:colcon.colcon_core.package_identification:_identify(.) by extensions ['python_setup_py']
[0.182s] Level 1:colcon.colcon_core.package_identification:_identify(.) by extension 'python_setup_py'
[0.182s] Level 1:colcon.colcon_core.package_identification:_identify(build) by extensions ['ignore', 'ignore_ament_install']
[0.182s] Level 1:colcon.colcon_core.package_identification:_identify(build) by extension 'ignore'
[0.182s] Level 1:colcon.colcon_core.package_identification:_identify(build) ignored
[0.182s] Level 1:colcon.colcon_core.package_identification:_identify(install) by extensions ['ignore', 'ignore_ament_install']
[0.182s] Level 1:colcon.colcon_core.package_identification:_identify(install) by extension 'ignore'
[0.182s] Level 1:colcon.colcon_core.package_identification:_identify(install) ignored
[0.182s] Level 1:colcon.colcon_core.package_identification:_identify(log) by extensions ['ignore', 'ignore_ament_install']
[0.182s] Level 1:colcon.colcon_core.package_identification:_identify(log) by extension 'ignore'
[0.182s] Level 1:colcon.colcon_core.package_identification:_identify(log) ignored
[0.182s] Level 1:colcon.colcon_core.package_identification:_identify(src) by extensions ['ignore', 'ignore_ament_install']
[0.182s] Level 1:colcon.colcon_core.package_identification:_identify(src) by extension 'ignore'
[0.182s] Level 1:colcon.colcon_core.package_identification:_identify(src) by extension 'ignore_ament_install'
[0.182s] Level 1:colcon.colcon_core.package_identification:_identify(src) by extensions ['colcon_pkg']
[0.182s] Level 1:colcon.colcon_core.package_identification:_identify(src) by extension 'colcon_pkg'
[0.183s] Level 1:colcon.colcon_core.package_identification:_identify(src) by extensions ['colcon_meta']
[0.183s] Level 1:colcon.colcon_core.package_identification:_identify(src) by extension 'colcon_meta'
[0.183s] Level 1:colcon.colcon_core.package_identification:_identify(src) by extensions ['ros']
[0.183s] Level 1:colcon.colcon_core.package_identification:_identify(src) by extension 'ros'
[0.183s] Level 1:colcon.colcon_core.package_identification:_identify(src) by extensions ['cmake', 'python']
[0.183s] Level 1:colcon.colcon_core.package_identification:_identify(src) by extension 'cmake'
[0.183s] Level 1:colcon.colcon_core.package_identification:_identify(src) by extension 'python'
[0.183s] Level 1:colcon.colcon_core.package_identification:_identify(src) by extensions ['python_setup_py']
[0.183s] Level 1:colcon.colcon_core.package_identification:_identify(src) by extension 'python_setup_py'
[0.183s] Level 1:colcon.colcon_core.package_identification:_identify(src/cyberbee_driver) by extensions ['ignore', 'ignore_ament_install']
[0.183s] Level 1:colcon.colcon_core.package_identification:_identify(src/cyberbee_driver) by extension 'ignore'
[0.183s] Level 1:colcon.colcon_core.package_identification:_identify(src/cyberbee_driver) by extension 'ignore_ament_install'
[0.183s] Level 1:colcon.colcon_core.package_identification:_identify(src/cyberbee_driver) by extensions ['colcon_pkg']
[0.183s] Level 1:colcon.colcon_core.package_identification:_identify(src/cyberbee_driver) by extension 'colcon_pkg'
[0.183s] Level 1:colcon.colcon_core.package_identification:_identify(src/cyberbee_driver) by extensions ['colcon_meta']
[0.183s] Level 1:colcon.colcon_core.package_identification:_identify(src/cyberbee_driver) by extension 'colcon_meta'
[0.183s] Level 1:colcon.colcon_core.package_identification:_identify(src/cyberbee_driver) by extensions ['ros']
[0.183s] Level 1:colcon.colcon_core.package_identification:_identify(src/cyberbee_driver) by extension 'ros'
[0.185s] DEBUG:colcon.colcon_core.package_identification:Package 'src/cyberbee_driver' with type 'ros.ament_cmake' and name 'cyberbee_driver'
[0.185s] Level 1:colcon.colcon_core.package_discovery:discover_packages(recursive) using defaults
[0.185s] Level 1:colcon.colcon_core.package_discovery:discover_packages(ignore) discover
[0.185s] Level 1:colcon.colcon_core.package_discovery:discover_packages(ignore) using defaults
[0.185s] Level 1:colcon.colcon_core.package_discovery:discover_packages(path) discover
[0.185s] Level 1:colcon.colcon_core.package_discovery:discover_packages(path) using defaults
[0.197s] Level 1:colcon.colcon_core.package_discovery:discover_packages(prefix_path) check parameters
[0.197s] Level 1:colcon.colcon_core.package_discovery:discover_packages(prefix_path) discover
[0.198s] DEBUG:colcon.colcon_installed_package_information.package_discovery:Found 1 installed packages in /home/ubuntu/dev_ws/src/Driver/src/ros2_ws/install
[0.198s] DEBUG:colcon.colcon_installed_package_information.package_discovery:Found 7 installed packages in /home/ubuntu/ros2_ws/install
[0.199s] DEBUG:colcon.colcon_installed_package_information.package_discovery:Found 278 installed packages in /opt/ros/humble
[0.207s] Level 1:colcon.colcon_core.package_discovery:discover_packages(prefix_path) using defaults
[0.229s] Level 5:colcon.colcon_core.verb:set package 'cyberbee_driver' build argument 'cmake_args' from command line to 'None'
[0.229s] Level 5:colcon.colcon_core.verb:set package 'cyberbee_driver' build argument 'cmake_target' from command line to 'None'
[0.229s] Level 5:colcon.colcon_core.verb:set package 'cyberbee_driver' build argument 'cmake_target_skip_unavailable' from command line to 'False'
[0.229s] Level 5:colcon.colcon_core.verb:set package 'cyberbee_driver' build argument 'cmake_clean_cache' from command line to 'False'
[0.229s] Level 5:colcon.colcon_core.verb:set package 'cyberbee_driver' build argument 'cmake_clean_first' from command line to 'False'
[0.229s] Level 5:colcon.colcon_core.verb:set package 'cyberbee_driver' build argument 'cmake_force_configure' from command line to 'False'
[0.229s] Level 5:colcon.colcon_core.verb:set package 'cyberbee_driver' build argument 'ament_cmake_args' from command line to 'None'
[0.229s] Level 5:colcon.colcon_core.verb:set package 'cyberbee_driver' build argument 'catkin_cmake_args' from command line to 'None'
[0.229s] Level 5:colcon.colcon_core.verb:set package 'cyberbee_driver' build argument 'catkin_skip_building_tests' from command line to 'False'
[0.229s] DEBUG:colcon.colcon_core.verb:Building package 'cyberbee_driver' with the following arguments: {'ament_cmake_args': None, 'build_base': '/home/ubuntu/dev_ws/src/Driver/src/ros2_ws/build/cyberbee_driver', 'catkin_cmake_args': None, 'catkin_skip_building_tests': False, 'cmake_args': None, 'cmake_clean_cache': False, 'cmake_clean_first': False, 'cmake_force_configure': False, 'cmake_target': None, 'cmake_target_skip_unavailable': False, 'install_base': '/home/ubuntu/dev_ws/src/Driver/src/ros2_ws/install/cyberbee_driver', 'merge_install': False, 'path': '/home/ubuntu/dev_ws/src/Driver/src/ros2_ws/src/cyberbee_driver', 'symlink_install': False, 'test_result_base': None}
[0.229s] INFO:colcon.colcon_core.executor:Executing jobs using 'parallel' executor
[0.230s] DEBUG:colcon.colcon_parallel_executor.executor.parallel:run_until_complete
[0.230s] INFO:colcon.colcon_ros.task.ament_cmake.build:Building ROS package in '/home/ubuntu/dev_ws/src/Driver/src/ros2_ws/src/cyberbee_driver' with build type 'ament_cmake'
[0.230s] INFO:colcon.colcon_cmake.task.cmake.build:Building CMake package in '/home/ubuntu/dev_ws/src/Driver/src/ros2_ws/src/cyberbee_driver'
[0.231s] INFO:colcon.colcon_core.plugin_system:Skipping extension 'colcon_core.shell.bat': Not used on non-Windows systems
[0.232s] INFO:colcon.colcon_core.shell:Skip shell extension 'powershell' for command environment: Not usable outside of PowerShell
[0.232s] DEBUG:colcon.colcon_core.shell:Skip shell extension 'dsv' for command environment
[0.238s] DEBUG:colcon.colcon_core.event_handler.log_command:Invoking command in '/home/ubuntu/dev_ws/src/Driver/src/ros2_ws/build/cyberbee_driver': CMAKE_PREFIX_PATH=${CMAKE_PREFIX_PATH}:/home/ubuntu/ros2_ws/install/driver_dps310:/opt/ros/humble /usr/bin/cmake --build /home/ubuntu/dev_ws/src/Driver/src/ros2_ws/build/cyberbee_driver -- -j8 -l8
[5.470s] DEBUG:colcon.colcon_core.event_handler.log_command:Invoked command in '/home/ubuntu/dev_ws/src/Driver/src/ros2_ws/build/cyberbee_driver' returned '0': CMAKE_PREFIX_PATH=${CMAKE_PREFIX_PATH}:/home/ubuntu/ros2_ws/install/driver_dps310:/opt/ros/humble /usr/bin/cmake --build /home/ubuntu/dev_ws/src/Driver/src/ros2_ws/build/cyberbee_driver -- -j8 -l8
[5.501s] DEBUG:colcon.colcon_core.event_handler.log_command:Invoking command in '/home/ubuntu/dev_ws/src/Driver/src/ros2_ws/build/cyberbee_driver': CMAKE_PREFIX_PATH=${CMAKE_PREFIX_PATH}:/home/ubuntu/ros2_ws/install/driver_dps310:/opt/ros/humble /usr/bin/cmake --install /home/ubuntu/dev_ws/src/Driver/src/ros2_ws/build/cyberbee_driver
[5.509s] Level 1:colcon.colcon_core.environment:create_environment_scripts_only(cyberbee_driver)
[5.509s] DEBUG:colcon.colcon_core.event_handler.log_command:Invoked command in '/home/ubuntu/dev_ws/src/Driver/src/ros2_ws/build/cyberbee_driver' returned '0': CMAKE_PREFIX_PATH=${CMAKE_PREFIX_PATH}:/home/ubuntu/ros2_ws/install/driver_dps310:/opt/ros/humble /usr/bin/cmake --install /home/ubuntu/dev_ws/src/Driver/src/ros2_ws/build/cyberbee_driver
[5.511s] Level 1:colcon.colcon_core.environment:checking '/home/ubuntu/dev_ws/src/Driver/src/ros2_ws/install/cyberbee_driver' for CMake module files
[5.511s] Level 1:colcon.colcon_core.environment:checking '/home/ubuntu/dev_ws/src/Driver/src/ros2_ws/install/cyberbee_driver' for CMake config files
[5.511s] Level 1:colcon.colcon_core.shell:create_environment_hook('cyberbee_driver', 'cmake_prefix_path')
[5.511s] INFO:colcon.colcon_core.shell:Creating environment hook '/home/ubuntu/dev_ws/src/Driver/src/ros2_ws/install/cyberbee_driver/share/cyberbee_driver/hook/cmake_prefix_path.ps1'
[5.512s] INFO:colcon.colcon_core.shell:Creating environment descriptor '/home/ubuntu/dev_ws/src/Driver/src/ros2_ws/install/cyberbee_driver/share/cyberbee_driver/hook/cmake_prefix_path.dsv'
[5.512s] INFO:colcon.colcon_core.shell:Creating environment hook '/home/ubuntu/dev_ws/src/Driver/src/ros2_ws/install/cyberbee_driver/share/cyberbee_driver/hook/cmake_prefix_path.sh'
[5.512s] Level 1:colcon.colcon_core.environment:checking '/home/ubuntu/dev_ws/src/Driver/src/ros2_ws/install/cyberbee_driver/lib'
[5.513s] Level 1:colcon.colcon_core.environment:checking '/home/ubuntu/dev_ws/src/Driver/src/ros2_ws/install/cyberbee_driver/bin'
[5.513s] Level 1:colcon.colcon_core.environment:checking '/home/ubuntu/dev_ws/src/Driver/src/ros2_ws/install/cyberbee_driver/lib/pkgconfig/cyberbee_driver.pc'
[5.513s] Level 1:colcon.colcon_core.environment:checking '/home/ubuntu/dev_ws/src/Driver/src/ros2_ws/install/cyberbee_driver/lib/python3.10/site-packages'
[5.513s] Level 1:colcon.colcon_core.environment:checking '/home/ubuntu/dev_ws/src/Driver/src/ros2_ws/install/cyberbee_driver/bin'
[5.513s] INFO:colcon.colcon_core.shell:Creating package script '/home/ubuntu/dev_ws/src/Driver/src/ros2_ws/install/cyberbee_driver/share/cyberbee_driver/package.ps1'
[5.514s] INFO:colcon.colcon_core.shell:Creating package descriptor '/home/ubuntu/dev_ws/src/Driver/src/ros2_ws/install/cyberbee_driver/share/cyberbee_driver/package.dsv'
[5.514s] INFO:colcon.colcon_core.shell:Creating package script '/home/ubuntu/dev_ws/src/Driver/src/ros2_ws/install/cyberbee_driver/share/cyberbee_driver/package.sh'
[5.514s] INFO:colcon.colcon_core.shell:Creating package script '/home/ubuntu/dev_ws/src/Driver/src/ros2_ws/install/cyberbee_driver/share/cyberbee_driver/package.bash'
[5.515s] INFO:colcon.colcon_core.shell:Creating package script '/home/ubuntu/dev_ws/src/Driver/src/ros2_ws/install/cyberbee_driver/share/cyberbee_driver/package.zsh'
[5.515s] Level 1:colcon.colcon_core.environment:create_file_with_runtime_dependencies(/home/ubuntu/dev_ws/src/Driver/src/ros2_ws/install/cyberbee_driver/share/colcon-core/packages/cyberbee_driver)
[5.537s] Level 1:colcon.colcon_core.environment:create_environment_scripts_only(cyberbee_driver)
[5.537s] Level 1:colcon.colcon_core.environment:checking '/home/ubuntu/dev_ws/src/Driver/src/ros2_ws/install/cyberbee_driver' for CMake module files
[5.537s] Level 1:colcon.colcon_core.environment:checking '/home/ubuntu/dev_ws/src/Driver/src/ros2_ws/install/cyberbee_driver' for CMake config files
[5.538s] Level 1:colcon.colcon_core.shell:create_environment_hook('cyberbee_driver', 'cmake_prefix_path')
[5.538s] INFO:colcon.colcon_core.shell:Creating environment hook '/home/ubuntu/dev_ws/src/Driver/src/ros2_ws/install/cyberbee_driver/share/cyberbee_driver/hook/cmake_prefix_path.ps1'
[5.538s] INFO:colcon.colcon_core.shell:Creating environment descriptor '/home/ubuntu/dev_ws/src/Driver/src/ros2_ws/install/cyberbee_driver/share/cyberbee_driver/hook/cmake_prefix_path.dsv'
[5.539s] INFO:colcon.colcon_core.shell:Creating environment hook '/home/ubuntu/dev_ws/src/Driver/src/ros2_ws/install/cyberbee_driver/share/cyberbee_driver/hook/cmake_prefix_path.sh'
[5.539s] Level 1:colcon.colcon_core.environment:checking '/home/ubuntu/dev_ws/src/Driver/src/ros2_ws/install/cyberbee_driver/lib'
[5.539s] Level 1:colcon.colcon_core.environment:checking '/home/ubuntu/dev_ws/src/Driver/src/ros2_ws/install/cyberbee_driver/bin'
[5.539s] Level 1:colcon.colcon_core.environment:checking '/home/ubuntu/dev_ws/src/Driver/src/ros2_ws/install/cyberbee_driver/lib/pkgconfig/cyberbee_driver.pc'
[5.540s] Level 1:colcon.colcon_core.environment:checking '/home/ubuntu/dev_ws/src/Driver/src/ros2_ws/install/cyberbee_driver/lib/python3.10/site-packages'
[5.540s] Level 1:colcon.colcon_core.environment:checking '/home/ubuntu/dev_ws/src/Driver/src/ros2_ws/install/cyberbee_driver/bin'
[5.540s] INFO:colcon.colcon_core.shell:Creating package script '/home/ubuntu/dev_ws/src/Driver/src/ros2_ws/install/cyberbee_driver/share/cyberbee_driver/package.ps1'
[5.540s] INFO:colcon.colcon_core.shell:Creating package descriptor '/home/ubuntu/dev_ws/src/Driver/src/ros2_ws/install/cyberbee_driver/share/cyberbee_driver/package.dsv'
[5.541s] INFO:colcon.colcon_core.shell:Creating package script '/home/ubuntu/dev_ws/src/Driver/src/ros2_ws/install/cyberbee_driver/share/cyberbee_driver/package.sh'
[5.541s] INFO:colcon.colcon_core.shell:Creating package script '/home/ubuntu/dev_ws/src/Driver/src/ros2_ws/install/cyberbee_driver/share/cyberbee_driver/package.bash'
[5.541s] INFO:colcon.colcon_core.shell:Creating package script '/home/ubuntu/dev_ws/src/Driver/src/ros2_ws/install/cyberbee_driver/share/cyberbee_driver/package.zsh'
[5.541s] Level 1:colcon.colcon_core.environment:create_file_with_runtime_dependencies(/home/ubuntu/dev_ws/src/Driver/src/ros2_ws/install/cyberbee_driver/share/colcon-core/packages/cyberbee_driver)
[5.542s] DEBUG:colcon.colcon_parallel_executor.executor.parallel:closing loop
[5.542s] DEBUG:colcon.colcon_parallel_executor.executor.parallel:loop closed
[5.542s] DEBUG:colcon.colcon_parallel_executor.executor.parallel:run_until_complete finished with '0'
[5.542s] DEBUG:colcon.colcon_core.event_reactor:joining thread
[5.545s] INFO:colcon.colcon_core.plugin_system:Skipping extension 'colcon_notification.desktop_notification.terminal_notifier': Not used on non-Darwin systems
[5.545s] INFO:colcon.colcon_core.plugin_system:Skipping extension 'colcon_notification.desktop_notification.win32': Not used on non-Windows systems
[5.545s] INFO:colcon.colcon_notification.desktop_notification:Sending desktop notification using 'notify2'
[5.554s] DEBUG:colcon.colcon_core.event_reactor:joined thread
[5.554s] INFO:colcon.colcon_core.shell:Creating prefix script '/home/ubuntu/dev_ws/src/Driver/src/ros2_ws/install/local_setup.ps1'
[5.554s] INFO:colcon.colcon_core.shell:Creating prefix util module '/home/ubuntu/dev_ws/src/Driver/src/ros2_ws/install/_local_setup_util_ps1.py'
[5.555s] INFO:colcon.colcon_core.shell:Creating prefix chain script '/home/ubuntu/dev_ws/src/Driver/src/ros2_ws/install/setup.ps1'
[5.556s] INFO:colcon.colcon_core.shell:Creating prefix script '/home/ubuntu/dev_ws/src/Driver/src/ros2_ws/install/local_setup.sh'
[5.557s] INFO:colcon.colcon_core.shell:Creating prefix util module '/home/ubuntu/dev_ws/src/Driver/src/ros2_ws/install/_local_setup_util_sh.py'
[5.557s] INFO:colcon.colcon_core.shell:Creating prefix chain script '/home/ubuntu/dev_ws/src/Driver/src/ros2_ws/install/setup.sh'
[5.558s] INFO:colcon.colcon_core.shell:Creating prefix script '/home/ubuntu/dev_ws/src/Driver/src/ros2_ws/install/local_setup.bash'
[5.558s] INFO:colcon.colcon_core.shell:Creating prefix chain script '/home/ubuntu/dev_ws/src/Driver/src/ros2_ws/install/setup.bash'
[5.559s] INFO:colcon.colcon_core.shell:Creating prefix script '/home/ubuntu/dev_ws/src/Driver/src/ros2_ws/install/local_setup.zsh'
[5.559s] INFO:colcon.colcon_core.shell:Creating prefix chain script '/home/ubuntu/dev_ws/src/Driver/src/ros2_ws/install/setup.zsh'
