[0.013s] Invoking command in '/home/dennis/Driver/src/ros2_ws/build/cyberbee_driver': CMAKE_PREFIX_PATH=${CMAKE_PREFIX_PATH}:/opt/ros/galactic /usr/bin/cmake /home/dennis/Driver/src/ros2_ws/src/cyberbee_driver -DCMAKE_INSTALL_PREFIX=/home/dennis/Driver/src/ros2_ws/install/cyberbee_driver
[0.105s] -- The C compiler identification is GNU 9.4.0
[0.172s] -- The CXX compiler identification is GNU 9.4.0
[0.177s] -- Check for working C compiler: /usr/bin/cc
[0.250s] -- Check for working C compiler: /usr/bin/cc -- works
[0.251s] -- Detecting C compiler ABI info
[0.329s] -- Detecting C compiler ABI info - done
[0.342s] -- Detecting C compile features
[0.343s] -- Detecting C compile features - done
[0.345s] -- Check for working CXX compiler: /usr/bin/c++
[0.432s] -- Check for working CXX compiler: /usr/bin/c++ -- works
[0.433s] -- Detecting CXX compiler ABI info
[0.514s] -- Detecting CXX compiler ABI info - done
[0.526s] -- Detecting CXX compile features
[0.527s] -- Detecting CXX compile features - done
[0.530s] -- Found ament_cmake: 1.1.6 (/opt/ros/galactic/share/ament_cmake/cmake)
[0.555s] -- Found PythonInterp: /usr/bin/python3 (found suitable version "3.8.10", minimum required is "3") 
[0.555s] -- Using PYTHON_EXECUTABLE: /usr/bin/python3
[0.626s] -- Found rclcpp: 9.2.2 (/opt/ros/galactic/share/rclcpp/cmake)
[0.672s] -- Using all available rosidl_typesupport_c: rosidl_typesupport_fastrtps_c;rosidl_typesupport_introspection_c
[0.678s] -- Found rosidl_adapter: 2.2.3 (/opt/ros/galactic/share/rosidl_adapter/cmake)
[0.756s] -- Found OpenSSL: /usr/lib/x86_64-linux-gnu/libcrypto.so (found version "1.1.1f")  
[0.784s] -- Found FastRTPS: /opt/ros/galactic/include  
[0.861s] -- Using all available rosidl_typesupport_cpp: rosidl_typesupport_fastrtps_cpp;rosidl_typesupport_introspection_cpp
[0.918s] -- Found rmw_implementation_cmake: 3.3.1 (/opt/ros/galactic/share/rmw_implementation_cmake/cmake)
[0.920s] -- Found rmw_cyclonedds_cpp: 0.22.6 (/opt/ros/galactic/share/rmw_cyclonedds_cpp/cmake)
[0.941s] -- Using RMW implementation 'rmw_cyclonedds_cpp' as default
[0.942s] -- Looking for pthread.h
[1.025s] -- Looking for pthread.h - found
[1.025s] -- Performing Test CMAKE_HAVE_LIBC_PTHREAD
[1.106s] -- Performing Test CMAKE_HAVE_LIBC_PTHREAD - Failed
[1.106s] -- Looking for pthread_create in pthreads
[1.170s] -- Looking for pthread_create in pthreads - not found
[1.170s] -- Looking for pthread_create in pthread
[1.242s] -- Looking for pthread_create in pthread - found
[1.243s] -- Found Threads: TRUE  
[1.386s] -- Found nav_msgs: 2.2.4 (/opt/ros/galactic/share/nav_msgs/cmake)
[1.496s] -- Found sensor_msgs: 2.2.4 (/opt/ros/galactic/share/sensor_msgs/cmake)
[1.623s] -- Configuring done
[1.634s] -- Generating done
[1.636s] -- Build files have been written to: /home/dennis/Driver/src/ros2_ws/build/cyberbee_driver
[1.643s] Invoked command in '/home/dennis/Driver/src/ros2_ws/build/cyberbee_driver' returned '0': CMAKE_PREFIX_PATH=${CMAKE_PREFIX_PATH}:/opt/ros/galactic /usr/bin/cmake /home/dennis/Driver/src/ros2_ws/src/cyberbee_driver -DCMAKE_INSTALL_PREFIX=/home/dennis/Driver/src/ros2_ws/install/cyberbee_driver
[1.647s] Invoking command in '/home/dennis/Driver/src/ros2_ws/build/cyberbee_driver': CMAKE_PREFIX_PATH=${CMAKE_PREFIX_PATH}:/opt/ros/galactic /usr/bin/cmake --build /home/dennis/Driver/src/ros2_ws/build/cyberbee_driver -- -j8 -l8
[1.686s] [35m[1mScanning dependencies of target cyberbee_driver_node[0m
[1.732s] [ 20%] [32mBuilding CXX object CMakeFiles/cyberbee_driver_node.dir/src/data_receiver_ros.cpp.o[0m
[1.732s] [ 40%] [32mBuilding CXX object CMakeFiles/cyberbee_driver_node.dir/src/serial_comm.cpp.o[0m
[1.734s] [ 60%] [32mBuilding CXX object CMakeFiles/cyberbee_driver_node.dir/src/driver_main.cpp.o[0m
[1.736s] [ 80%] [32mBuilding CXX object CMakeFiles/cyberbee_driver_node.dir/src/data_sender.cpp.o[0m
[3.364s] In file included from [01m[K/home/dennis/Driver/src/ros2_ws/src/cyberbee_driver/src/serial_comm.cpp:14[m[K:
[3.364s] [01m[K/home/dennis/Driver/src/ros2_ws/src/cyberbee_driver/src/../include/cyberbee_driver/serial_comm.hpp:[m[K In constructor ‘[01m[KSerialPort::SerialPort(const string&, unsigned int)[m[K’:
[3.364s] [01m[K/home/dennis/Driver/src/ros2_ws/src/cyberbee_driver/src/../include/cyberbee_driver/serial_comm.hpp:37:30:[m[K [01;35m[Kwarning: [m[K‘[01m[KSerialPort::serial[m[K’ will be initialized after [[01;35m[K-Wreorder[m[K]
[3.364s]    37 |     boost::asio::serial_port [01;35m[Kserial[m[K;
[3.365s]       |                              [01;35m[K^~~~~~[m[K
[3.365s] [01m[K/home/dennis/Driver/src/ros2_ws/src/cyberbee_driver/src/../include/cyberbee_driver/serial_comm.hpp:15:17:[m[K [01;35m[Kwarning: [m[K  ‘[01m[Kstd::string SerialPort::port[m[K’ [[01;35m[K-Wreorder[m[K]
[3.365s]    15 |     std::string [01;35m[Kport[m[K;
[3.365s]       |                 [01;35m[K^~~~[m[K
[3.365s] [01m[K/home/dennis/Driver/src/ros2_ws/src/cyberbee_driver/src/serial_comm.cpp:31:1:[m[K [01;35m[Kwarning: [m[K  when initialized here [[01;35m[K-Wreorder[m[K]
[3.365s]    31 | [01;35m[KSerialPort[m[K::SerialPort(const std::string& port, unsigned int baud_rate)
[3.365s]       | [01;35m[K^~~~~~~~~~[m[K
[3.390s] [01m[K/home/dennis/Driver/src/ros2_ws/src/cyberbee_driver/src/data_sender.cpp:[m[K In member function ‘[01m[Kuint16_t DataSender::calculateCheckSum(const string&)[m[K’:
[3.390s] [01m[K/home/dennis/Driver/src/ros2_ws/src/cyberbee_driver/src/data_sender.cpp:22:59:[m[K [01;35m[Kwarning: [m[Kunused parameter ‘[01m[Kmessage[m[K’ [[01;35m[K-Wunused-parameter[m[K]
[3.390s]    22 | uint16_t DataSender::calculateCheckSum([01;35m[Kconst std::string& message[m[K) { return 0; }
[3.390s]       |                                        [01;35m[K~~~~~~~~~~~~~~~~~~~^~~~~~~[m[K
[5.154s] [01m[K/home/dennis/Driver/src/ros2_ws/src/cyberbee_driver/src/driver_main.cpp:[m[K In function ‘[01m[Kint main()[m[K’:
[5.154s] [01m[K/home/dennis/Driver/src/ros2_ws/src/cyberbee_driver/src/driver_main.cpp:75:10:[m[K [01;35m[Kwarning: [m[Kunused variable ‘[01m[Kcommand_input[m[K’ [[01;35m[K-Wunused-variable[m[K]
[5.154s]    75 |     char [01;35m[Kcommand_input[m[K;
[5.154s]       |          [01;35m[K^~~~~~~~~~~~~[m[K
[8.169s] [100%] [32m[1mLinking CXX executable cyberbee_driver_node[0m
[8.428s] [100%] Built target cyberbee_driver_node
[8.441s] Invoked command in '/home/dennis/Driver/src/ros2_ws/build/cyberbee_driver' returned '0': CMAKE_PREFIX_PATH=${CMAKE_PREFIX_PATH}:/opt/ros/galactic /usr/bin/cmake --build /home/dennis/Driver/src/ros2_ws/build/cyberbee_driver -- -j8 -l8
[8.491s] Invoking command in '/home/dennis/Driver/src/ros2_ws/build/cyberbee_driver': CMAKE_PREFIX_PATH=${CMAKE_PREFIX_PATH}:/opt/ros/galactic /usr/bin/cmake --install /home/dennis/Driver/src/ros2_ws/build/cyberbee_driver
[8.501s] -- Install configuration: ""
[8.501s] -- Installing: /home/dennis/Driver/src/ros2_ws/install/cyberbee_driver/lib/cyberbee_driver/cyberbee_driver_node
[8.503s] -- Set runtime path of "/home/dennis/Driver/src/ros2_ws/install/cyberbee_driver/lib/cyberbee_driver/cyberbee_driver_node" to ""
[8.503s] -- Installing: /home/dennis/Driver/src/ros2_ws/install/cyberbee_driver/share/ament_index/resource_index/package_run_dependencies/cyberbee_driver
[8.503s] -- Installing: /home/dennis/Driver/src/ros2_ws/install/cyberbee_driver/share/ament_index/resource_index/parent_prefix_path/cyberbee_driver
[8.503s] -- Installing: /home/dennis/Driver/src/ros2_ws/install/cyberbee_driver/share/cyberbee_driver/environment/ament_prefix_path.sh
[8.503s] -- Installing: /home/dennis/Driver/src/ros2_ws/install/cyberbee_driver/share/cyberbee_driver/environment/ament_prefix_path.dsv
[8.503s] -- Installing: /home/dennis/Driver/src/ros2_ws/install/cyberbee_driver/share/cyberbee_driver/environment/path.sh
[8.503s] -- Installing: /home/dennis/Driver/src/ros2_ws/install/cyberbee_driver/share/cyberbee_driver/environment/path.dsv
[8.503s] -- Installing: /home/dennis/Driver/src/ros2_ws/install/cyberbee_driver/share/cyberbee_driver/local_setup.bash
[8.504s] -- Installing: /home/dennis/Driver/src/ros2_ws/install/cyberbee_driver/share/cyberbee_driver/local_setup.sh
[8.504s] -- Installing: /home/dennis/Driver/src/ros2_ws/install/cyberbee_driver/share/cyberbee_driver/local_setup.zsh
[8.504s] -- Installing: /home/dennis/Driver/src/ros2_ws/install/cyberbee_driver/share/cyberbee_driver/local_setup.dsv
[8.504s] -- Installing: /home/dennis/Driver/src/ros2_ws/install/cyberbee_driver/share/cyberbee_driver/package.dsv
[8.504s] -- Installing: /home/dennis/Driver/src/ros2_ws/install/cyberbee_driver/share/ament_index/resource_index/packages/cyberbee_driver
[8.504s] -- Installing: /home/dennis/Driver/src/ros2_ws/install/cyberbee_driver/share/cyberbee_driver/cmake/cyberbee_driverConfig.cmake
[8.504s] -- Installing: /home/dennis/Driver/src/ros2_ws/install/cyberbee_driver/share/cyberbee_driver/cmake/cyberbee_driverConfig-version.cmake
[8.504s] -- Up-to-date: /home/dennis/Driver/src/ros2_ws/install/cyberbee_driver/share/cyberbee_driver/package.xml
[8.507s] Invoked command in '/home/dennis/Driver/src/ros2_ws/build/cyberbee_driver' returned '0': CMAKE_PREFIX_PATH=${CMAKE_PREFIX_PATH}:/opt/ros/galactic /usr/bin/cmake --install /home/dennis/Driver/src/ros2_ws/build/cyberbee_driver
